build/app/intermediates/manifest_merge_blame_file/release/manifest-merger-blame-release-report.txt
1<?xml version="1.0" encoding="utf-8"?>
2<manifest xmlns:android="http://schemas.android.com/apk/res/android"
3    package="com.example.level_up"
4    android:versionCode="1"
5    android:versionName="1.0.0" >
6
7    <uses-sdk
8        android:minSdkVersion="21"
8-->src\main\AndroidManifest.xml
9        android:targetSdkVersion="34" />
9-->src\main\AndroidManifest.xml
10
11    <!-- Required permissions -->
12    <uses-permission android:name="android.permission.INTERNET" />
12-->src\main\AndroidManifest.xml:30:5-66
12-->src\main\AndroidManifest.xml:30:22-64
13    <uses-permission android:name="android.permission.ACCESS_NETWORK_STATE" />
13-->src\main\AndroidManifest.xml:31:5-78
13-->src\main\AndroidManifest.xml:31:22-76
14
15    <!-- Required to query activities that can process text -->
16    <queries>
16-->src\main\AndroidManifest.xml:34:5-39:15
17        <intent>
17-->src\main\AndroidManifest.xml:35:9-38:18
18            <action android:name="android.intent.action.PROCESS_TEXT" />
18-->src\main\AndroidManifest.xml:36:13-72
18-->src\main\AndroidManifest.xml:36:21-70
19
20            <data android:mimeType="text/plain" />
20-->src\main\AndroidManifest.xml:37:13-50
20-->src\main\AndroidManifest.xml:37:19-48
21        </intent>
22    </queries>
23
24    <permission
24-->[androidx.core:core:1.13.1] AndroidManifest.xml:22:5-24:47
25        android:name="com.example.level_up.DYNAMIC_RECEIVER_NOT_EXPORTED_PERMISSION"
25-->[androidx.core:core:1.13.1] AndroidManifest.xml:23:9-81
26        android:protectionLevel="signature" />
26-->[androidx.core:core:1.13.1] AndroidManifest.xml:24:9-44
27
28    <uses-permission android:name="com.example.level_up.DYNAMIC_RECEIVER_NOT_EXPORTED_PERMISSION" />
28-->[androidx.core:core:1.13.1] AndroidManifest.xml:26:5-97
28-->[androidx.core:core:1.13.1] AndroidManifest.xml:26:22-94
29
30    <application
31        android:name="android.app.Application"
31-->src\main\AndroidManifest.xml:4:9-42
32        android:appComponentFactory="androidx.core.app.CoreComponentFactory"
32-->[androidx.core:core:1.13.1] AndroidManifest.xml:28:18-86
33        android:icon="@mipmap/ic_launcher"
33-->src\main\AndroidManifest.xml:5:9-43
34        android:label="level_up" >
34-->src\main\AndroidManifest.xml:3:9-33
35        <activity
35-->src\main\AndroidManifest.xml:6:9-23:20
36            android:name="com.example.level_up.MainActivity"
36-->src\main\AndroidManifest.xml:7:13-41
37            android:configChanges="orientation|keyboardHidden|keyboard|screenSize|smallestScreenSize|locale|layoutDirection|fontScale|screenLayout|density|uiMode"
37-->src\main\AndroidManifest.xml:12:13-163
38            android:exported="true"
38-->src\main\AndroidManifest.xml:8:13-36
39            android:hardwareAccelerated="true"
39-->src\main\AndroidManifest.xml:13:13-47
40            android:launchMode="singleTop"
40-->src\main\AndroidManifest.xml:9:13-43
41            android:taskAffinity=""
41-->src\main\AndroidManifest.xml:10:13-36
42            android:theme="@style/LaunchTheme"
42-->src\main\AndroidManifest.xml:11:13-47
43            android:windowSoftInputMode="adjustResize" >
43-->src\main\AndroidManifest.xml:14:13-55
44            <meta-data
44-->src\main\AndroidManifest.xml:15:13-18:17
45                android:name="io.flutter.embedding.android.NormalTheme"
45-->src\main\AndroidManifest.xml:16:15-70
46                android:resource="@style/NormalTheme" />
46-->src\main\AndroidManifest.xml:17:15-52
47
48            <intent-filter>
48-->src\main\AndroidManifest.xml:19:13-22:29
49                <action android:name="android.intent.action.MAIN" />
49-->src\main\AndroidManifest.xml:20:17-68
49-->src\main\AndroidManifest.xml:20:25-66
50
51                <category android:name="android.intent.category.LAUNCHER" />
51-->src\main\AndroidManifest.xml:21:17-76
51-->src\main\AndroidManifest.xml:21:27-74
52            </intent-filter>
53        </activity>
54
55        <meta-data
55-->src\main\AndroidManifest.xml:24:9-26:33
56            android:name="flutterEmbedding"
56-->src\main\AndroidManifest.xml:25:13-44
57            android:value="2" />
57-->src\main\AndroidManifest.xml:26:13-30
58
59        <uses-library
59-->[androidx.window:window:1.2.0] AndroidManifest.xml:23:9-25:40
60            android:name="androidx.window.extensions"
60-->[androidx.window:window:1.2.0] AndroidManifest.xml:24:13-54
61            android:required="false" />
61-->[androidx.window:window:1.2.0] AndroidManifest.xml:25:13-37
62        <uses-library
62-->[androidx.window:window:1.2.0] AndroidManifest.xml:26:9-28:40
63            android:name="androidx.window.sidecar"
63-->[androidx.window:window:1.2.0] AndroidManifest.xml:27:13-51
64            android:required="false" />
64-->[androidx.window:window:1.2.0] AndroidManifest.xml:28:13-37
65
66        <provider
66-->[androidx.lifecycle:lifecycle-process:2.7.0] AndroidManifest.xml:24:9-32:20
67            android:name="androidx.startup.InitializationProvider"
67-->[androidx.lifecycle:lifecycle-process:2.7.0] AndroidManifest.xml:25:13-67
68            android:authorities="com.example.level_up.androidx-startup"
68-->[androidx.lifecycle:lifecycle-process:2.7.0] AndroidManifest.xml:26:13-68
69            android:exported="false" >
69-->[androidx.lifecycle:lifecycle-process:2.7.0] AndroidManifest.xml:27:13-37
70            <meta-data
70-->[androidx.lifecycle:lifecycle-process:2.7.0] AndroidManifest.xml:29:13-31:52
71                android:name="androidx.lifecycle.ProcessLifecycleInitializer"
71-->[androidx.lifecycle:lifecycle-process:2.7.0] AndroidManifest.xml:30:17-78
72                android:value="androidx.startup" />
72-->[androidx.lifecycle:lifecycle-process:2.7.0] AndroidManifest.xml:31:17-49
73            <meta-data
73-->[androidx.profileinstaller:profileinstaller:1.3.1] AndroidManifest.xml:29:13-31:52
74                android:name="androidx.profileinstaller.ProfileInstallerInitializer"
74-->[androidx.profileinstaller:profileinstaller:1.3.1] AndroidManifest.xml:30:17-85
75                android:value="androidx.startup" />
75-->[androidx.profileinstaller:profileinstaller:1.3.1] AndroidManifest.xml:31:17-49
76        </provider>
77
78        <receiver
78-->[androidx.profileinstaller:profileinstaller:1.3.1] AndroidManifest.xml:34:9-52:20
79            android:name="androidx.profileinstaller.ProfileInstallReceiver"
79-->[androidx.profileinstaller:profileinstaller:1.3.1] AndroidManifest.xml:35:13-76
80            android:directBootAware="false"
80-->[androidx.profileinstaller:profileinstaller:1.3.1] AndroidManifest.xml:36:13-44
81            android:enabled="true"
81-->[androidx.profileinstaller:profileinstaller:1.3.1] AndroidManifest.xml:37:13-35
82            android:exported="true"
82-->[androidx.profileinstaller:profileinstaller:1.3.1] AndroidManifest.xml:38:13-36
83            android:permission="android.permission.DUMP" >
83-->[androidx.profileinstaller:profileinstaller:1.3.1] AndroidManifest.xml:39:13-57
84            <intent-filter>
84-->[androidx.profileinstaller:profileinstaller:1.3.1] AndroidManifest.xml:40:13-42:29
85                <action android:name="androidx.profileinstaller.action.INSTALL_PROFILE" />
85-->[androidx.profileinstaller:profileinstaller:1.3.1] AndroidManifest.xml:41:17-91
85-->[androidx.profileinstaller:profileinstaller:1.3.1] AndroidManifest.xml:41:25-88
86            </intent-filter>
87            <intent-filter>
87-->[androidx.profileinstaller:profileinstaller:1.3.1] AndroidManifest.xml:43:13-45:29
88                <action android:name="androidx.profileinstaller.action.SKIP_FILE" />
88-->[androidx.profileinstaller:profileinstaller:1.3.1] AndroidManifest.xml:44:17-85
88-->[androidx.profileinstaller:profileinstaller:1.3.1] AndroidManifest.xml:44:25-82
89            </intent-filter>
90            <intent-filter>
90-->[androidx.profileinstaller:profileinstaller:1.3.1] AndroidManifest.xml:46:13-48:29
91                <action android:name="androidx.profileinstaller.action.SAVE_PROFILE" />
91-->[androidx.profileinstaller:profileinstaller:1.3.1] AndroidManifest.xml:47:17-88
91-->[androidx.profileinstaller:profileinstaller:1.3.1] AndroidManifest.xml:47:25-85
92            </intent-filter>
93            <intent-filter>
93-->[androidx.profileinstaller:profileinstaller:1.3.1] AndroidManifest.xml:49:13-51:29
94                <action android:name="androidx.profileinstaller.action.BENCHMARK_OPERATION" />
94-->[androidx.profileinstaller:profileinstaller:1.3.1] AndroidManifest.xml:50:17-95
94-->[androidx.profileinstaller:profileinstaller:1.3.1] AndroidManifest.xml:50:25-92
95            </intent-filter>
96        </receiver>
97    </application>
98
99</manifest>